0 info it worked if it ends with ok
1 verbose cli [ '/home/disraely/local/bin/node',
1 verbose cli   '/home/disraely/local/bin/npm',
1 verbose cli   'start' ]
2 info using npm@2.14.4
3 info using node@v4.1.2
4 verbose run-script [ 'prestart', 'start', 'poststart' ]
5 info prestart Wanderu@0.0.0
6 info start Wanderu@0.0.0
7 verbose unsafe-perm in lifecycle true
8 info Wanderu@0.0.0 Failed to exec start script
9 verbose stack Error: Wanderu@0.0.0 start: `node ./bin/www`
9 verbose stack Exit status 1
9 verbose stack     at EventEmitter.<anonymous> (/home/disraely/local/lib/node_modules/npm/lib/utils/lifecycle.js:214:16)
9 verbose stack     at emitTwo (events.js:87:13)
9 verbose stack     at EventEmitter.emit (events.js:172:7)
9 verbose stack     at ChildProcess.<anonymous> (/home/disraely/local/lib/node_modules/npm/lib/utils/spawn.js:24:14)
9 verbose stack     at emitTwo (events.js:87:13)
9 verbose stack     at ChildProcess.emit (events.js:172:7)
9 verbose stack     at maybeClose (internal/child_process.js:818:16)
9 verbose stack     at Process.ChildProcess._handle.onexit (internal/child_process.js:211:5)
10 verbose pkgid Wanderu@0.0.0
11 verbose cwd /home/disraely/Documentos/workspace/Wanderu
12 error Linux 3.19.0-26-generic
13 error argv "/home/disraely/local/bin/node" "/home/disraely/local/bin/npm" "start"
14 error node v4.1.2
15 error npm  v2.14.4
16 error code ELIFECYCLE
17 error Wanderu@0.0.0 start: `node ./bin/www`
17 error Exit status 1
18 error Failed at the Wanderu@0.0.0 start script 'node ./bin/www'.
18 error This is most likely a problem with the Wanderu package,
18 error not with npm itself.
18 error Tell the author that this fails on your system:
18 error     node ./bin/www
18 error You can get their info via:
18 error     npm owner ls Wanderu
18 error There is likely additional logging output above.
19 verbose exit [ 1, true ]
